  SceneManager.cpp
C:\Users\spyro\OneDrive\Desktop\CS330\CS330Content\CS330Content\Projects\7-1_FinalProjectMilestones\Source\SceneManager.cpp(223,16): warning C4018: '<': signed/unsigned mismatch
C:\Users\spyro\OneDrive\Desktop\CS330\CS330Content\CS330Content\Projects\7-1_FinalProjectMilestones\Source\SceneManager.cpp(386,28): warning C4305: '=': truncation from 'double' to 'float'
C:\Users\spyro\OneDrive\Desktop\CS330\CS330Content\CS330Content\Projects\7-1_FinalProjectMilestones\Source\SceneManager.cpp(395,27): warning C4305: '=': truncation from 'double' to 'float'
C:\Users\spyro\OneDrive\Desktop\CS330\CS330Content\CS330Content\Projects\7-1_FinalProjectMilestones\Source\SceneManager.cpp(623,29): warning C4305: 'argument': truncation from 'double' to 'float'
C:\Users\spyro\OneDrive\Desktop\CS330\CS330Content\CS330Content\Projects\7-1_FinalProjectMilestones\Source\SceneManager.cpp(623,23): warning C4305: 'argument': truncation from 'double' to 'float'
C:\Users\spyro\OneDrive\Desktop\CS330\CS330Content\CS330Content\Projects\7-1_FinalProjectMilestones\Source\SceneManager.cpp(623,17): warning C4305: 'argument': truncation from 'double' to 'float'
C:\Users\spyro\OneDrive\Desktop\CS330\CS330Content\CS330Content\Projects\7-1_FinalProjectMilestones\Source\SceneManager.cpp(630,29): warning C4305: 'argument': truncation from 'double' to 'float'
C:\Users\spyro\OneDrive\Desktop\CS330\CS330Content\CS330Content\Projects\7-1_FinalProjectMilestones\Source\SceneManager.cpp(630,23): warning C4305: 'argument': truncation from 'double' to 'float'
C:\Users\spyro\OneDrive\Desktop\CS330\CS330Content\CS330Content\Projects\7-1_FinalProjectMilestones\Source\SceneManager.cpp(630,17): warning C4305: 'argument': truncation from 'double' to 'float'
C:\Users\spyro\OneDrive\Desktop\CS330\CS330Content\CS330Content\Projects\7-1_FinalProjectMilestones\Source\SceneManager.cpp(664,29): warning C4305: 'argument': truncation from 'double' to 'float'
C:\Users\spyro\OneDrive\Desktop\CS330\CS330Content\CS330Content\Projects\7-1_FinalProjectMilestones\Source\SceneManager.cpp(664,23): warning C4305: 'argument': truncation from 'double' to 'float'
C:\Users\spyro\OneDrive\Desktop\CS330\CS330Content\CS330Content\Projects\7-1_FinalProjectMilestones\Source\SceneManager.cpp(664,17): warning C4305: 'argument': truncation from 'double' to 'float'
C:\Users\spyro\OneDrive\Desktop\CS330\CS330Content\CS330Content\Projects\7-1_FinalProjectMilestones\Source\SceneManager.cpp(671,29): warning C4305: 'argument': truncation from 'double' to 'float'
C:\Users\spyro\OneDrive\Desktop\CS330\CS330Content\CS330Content\Projects\7-1_FinalProjectMilestones\Source\SceneManager.cpp(671,23): warning C4305: 'argument': truncation from 'double' to 'float'
C:\Users\spyro\OneDrive\Desktop\CS330\CS330Content\CS330Content\Projects\7-1_FinalProjectMilestones\Source\SceneManager.cpp(671,17): warning C4305: 'argument': truncation from 'double' to 'float'
C:\Users\spyro\OneDrive\Desktop\CS330\CS330Content\CS330Content\Projects\7-1_FinalProjectMilestones\Source\SceneManager.cpp(705,29): warning C4305: 'argument': truncation from 'double' to 'float'
C:\Users\spyro\OneDrive\Desktop\CS330\CS330Content\CS330Content\Projects\7-1_FinalProjectMilestones\Source\SceneManager.cpp(705,23): warning C4305: 'argument': truncation from 'double' to 'float'
C:\Users\spyro\OneDrive\Desktop\CS330\CS330Content\CS330Content\Projects\7-1_FinalProjectMilestones\Source\SceneManager.cpp(705,17): warning C4305: 'argument': truncation from 'double' to 'float'
C:\Users\spyro\OneDrive\Desktop\CS330\CS330Content\CS330Content\Projects\7-1_FinalProjectMilestones\Source\SceneManager.cpp(829,29): warning C4305: 'argument': truncation from 'double' to 'float'
C:\Users\spyro\OneDrive\Desktop\CS330\CS330Content\CS330Content\Projects\7-1_FinalProjectMilestones\Source\SceneManager.cpp(829,23): warning C4305: 'argument': truncation from 'double' to 'float'
C:\Users\spyro\OneDrive\Desktop\CS330\CS330Content\CS330Content\Projects\7-1_FinalProjectMilestones\Source\SceneManager.cpp(829,17): warning C4305: 'argument': truncation from 'double' to 'float'
C:\Users\spyro\OneDrive\Desktop\CS330\CS330Content\CS330Content\Projects\7-1_FinalProjectMilestones\Source\SceneManager.cpp(897,29): warning C4305: 'argument': truncation from 'double' to 'float'
C:\Users\spyro\OneDrive\Desktop\CS330\CS330Content\CS330Content\Projects\7-1_FinalProjectMilestones\Source\SceneManager.cpp(897,23): warning C4305: 'argument': truncation from 'double' to 'float'
C:\Users\spyro\OneDrive\Desktop\CS330\CS330Content\CS330Content\Projects\7-1_FinalProjectMilestones\Source\SceneManager.cpp(897,17): warning C4305: 'argument': truncation from 'double' to 'float'
C:\Users\spyro\OneDrive\Desktop\CS330\CS330Content\CS330Content\Projects\7-1_FinalProjectMilestones\Source\SceneManager.cpp(1026,26): warning C4305: 'argument': truncation from 'double' to 'float'
C:\Users\spyro\OneDrive\Desktop\CS330\CS330Content\CS330Content\Projects\7-1_FinalProjectMilestones\Source\SceneManager.cpp(1026,17): warning C4305: 'argument': truncation from 'double' to 'float'
C:\Users\spyro\OneDrive\Desktop\CS330\CS330Content\CS330Content\Projects\7-1_FinalProjectMilestones\Source\SceneManager.cpp(1058,28): warning C4305: 'argument': truncation from 'double' to 'float'
C:\Users\spyro\OneDrive\Desktop\CS330\CS330Content\CS330Content\Projects\7-1_FinalProjectMilestones\Source\SceneManager.cpp(1058,23): warning C4305: 'argument': truncation from 'double' to 'float'
C:\Users\spyro\OneDrive\Desktop\CS330\CS330Content\CS330Content\Projects\7-1_FinalProjectMilestones\Source\SceneManager.cpp(1058,17): warning C4305: 'argument': truncation from 'double' to 'float'
C:\Users\spyro\OneDrive\Desktop\CS330\CS330Content\CS330Content\Projects\7-1_FinalProjectMilestones\Source\SceneManager.cpp(1090,27): warning C4305: 'argument': truncation from 'double' to 'float'
C:\Users\spyro\OneDrive\Desktop\CS330\CS330Content\CS330Content\Projects\7-1_FinalProjectMilestones\Source\SceneManager.cpp(1122,27): warning C4305: 'argument': truncation from 'double' to 'float'
  7-1_FinalProjectMilestones.vcxproj -> C:\Users\spyro\OneDrive\Desktop\CS330\CS330Content\CS330Content\Projects\7-1_FinalProjectMilestones\Debug\7-1_FinalProjectMilestones.exe
